-------------------------------------------------------------------------------
Test set: com.company.entidades.EstudianteDaoH2Test
-------------------------------------------------------------------------------
Tests run: 1, Failures: 1, Errors: 0, Skipped: 0, Time elapsed: 0.056 s <<< FAILURE! - in com.company.entidades.EstudianteDaoH2Test
warning(junit.framework.TestSuite$1)  Time elapsed: 0.012 s  <<< FAILURE!
junit.framework.AssertionFailedError: No tests found in com.company.entidades.EstudianteDaoH2Test
	at junit.framework.TestSuite$1.runTest(TestSuite.java:97)

