<?xml version="1.0" encoding="UTF-8"?>
<testsuite xmlns:xsi="http://www.w3.org/2001/XMLSchema-instance" xsi:noNamespaceSchemaLocation="https://maven.apache.org/surefire/maven-surefire-plugin/xsd/surefire-test-report.xsd" name="com.company.entidades.Test" time="0.822" tests="3" errors="0" skipped="0" failures="0">
  <properties>
[...]
</properties>
  <testcase name="eliminarEstudiantesTest" classname="com.company.entidades.Test" time="0.041"/>
  <testcase name="guardarYBuscarEstudiantesTest" classname="com.company.entidades.Test" time="0.002"/>
  <testcase name="traerTodosLosEstudiantesTest" classname="com.company.entidades.Test" time="0.002"/>
</testsuite>