<?xml version="1.0" encoding="UTF-8"?>
<testsuite xmlns:xsi="http://www.w3.org/2001/XMLSchema-instance" xsi:noNamespaceSchemaLocation="https://maven.apache.org/surefire/maven-surefire-plugin/xsd/surefire-test-report.xsd" name="company.EstudianteDaoH2Test" time="0.424" tests="1" errors="1" skipped="0" failures="0">
  <properties>
[...]
</properties>
  <testcase name="buscarEstudiantes" classname="company.EstudianteDaoH2Test" time="0.222">
    <error message="org.h2.jdbc.JdbcSQLNonTransientConnectionException: Archivo corrupto mientras se leía el registro: null. Solución Posible: use la herramienta de recuperación (recovery tool)&#10;File corrupted while reading record: null. Possible solution: use the recovery tool [90030-200]" type="java.lang.RuntimeException">java.lang.RuntimeException: 
org.h2.jdbc.JdbcSQLNonTransientConnectionException: Archivo corrupto mientras se leía el registro: null. Solución Posible: use la herramienta de recuperación (recovery tool)
File corrupted while reading record: null. Possible solution: use the recovery tool [90030-200]
	at company.EstudianteDaoH2Test.buscarEstudiantes(EstudianteDaoH2Test.java:17)
Caused by: org.h2.jdbc.JdbcSQLNonTransientConnectionException: 
Archivo corrupto mientras se leía el registro: null. Solución Posible: use la herramienta de recuperación (recovery tool)
File corrupted while reading record: null. Possible solution: use the recovery tool [90030-200]
	at company.EstudianteDaoH2Test.buscarEstudiantes(EstudianteDaoH2Test.java:17)
Caused by: java.lang.IllegalStateException: The write format 2 is larger than the supported format 1, and the file was not opened in read-only mode [1.4.200/5]
	at company.EstudianteDaoH2Test.buscarEstudiantes(EstudianteDaoH2Test.java:17)
</error>
    <system-out><![CDATA[[2022-06-04 18:50:55] [ DEBUG] [EstudianteDaoH2:21] Registrando nuevo estudiante: Estudiantes{nombre='EstudianteUno', apellido='ApellidoUno', id=1}
]]></system-out>
  </testcase>
</testsuite>